<?xml version="1.0" encoding="UTF-8"?>
<testng-results skipped="0" failed="1" total="1" passed="0">
  <reporter-output>
  </reporter-output>
  <suite name="Suite" duration-ms="78534" started-at="2021-02-07T08:09:56Z" finished-at="2021-02-07T08:11:14Z">
    <groups>
    </groups>
    <test name="Test" duration-ms="78534" started-at="2021-02-07T08:09:56Z" finished-at="2021-02-07T08:11:14Z">
      <class name="testScripts.NewLL">
        <test-method status="PASS" signature="beforesuite()[pri:0, instance:testScripts.NewLL@64bfbc86]" name="beforesuite" is-config="true" duration-ms="507" started-at="2021-02-07T13:39:55Z" finished-at="2021-02-07T13:39:56Z">
          <reporter-output>
          </reporter-output>
        </test-method> <!-- beforesuite -->
        <test-method status="PASS" signature="beforemethod(org.testng.ITestContext)[pri:0, instance:testScripts.NewLL@64bfbc86]" name="beforemethod" is-config="true" duration-ms="2312" started-at="2021-02-07T13:39:56Z" finished-at="2021-02-07T13:39:58Z">
          <params>
            <param index="0">
              <value>
                <![CDATA[org.testng.TestRunner@73818435]]>
              </value>
            </param>
          </params>
          <reporter-output>
          </reporter-output>
        </test-method> <!-- beforemethod -->
        <test-method status="PASS" signature="Predatacheck()[pri:0, instance:testScripts.NewLL@64bfbc86]" name="Predatacheck" is-config="true" duration-ms="18463" started-at="2021-02-07T13:39:58Z" finished-at="2021-02-07T13:40:17Z">
          <reporter-output>
          </reporter-output>
        </test-method> <!-- Predatacheck -->
        <test-method status="FAIL" signature="NewLL_Public()[pri:0, instance:testScripts.NewLL@64bfbc86]" name="NewLL_Public" duration-ms="56670" started-at="2021-02-07T13:40:17Z" finished-at="2021-02-07T13:41:13Z">
          <exception class="java.lang.AssertionError">
            <message>
              <![CDATA[expected [true] but found [false]]]>
            </message>
            <full-stacktrace>
              <![CDATA[java.lang.AssertionError: expected [true] but found [false]
	at org.testng.Assert.fail(Assert.java:94)
	at org.testng.Assert.failNotEquals(Assert.java:496)
	at org.testng.Assert.assertEquals(Assert.java:125)
	at org.testng.Assert.assertEquals(Assert.java:288)
	at org.testng.Assert.assertEquals(Assert.java:298)
	at frameworkLibrary.ReportLibrary.reportEvent(ReportLibrary.java:72)
	at applicationPages.NewLLRegistrtionPage.Set_State(NewLLRegistrtionPage.java:365)
	at applicationPages.LLModule.EnterApplicationFormDetails(LLModule.java:438)
	at applicationPages.LLModule.Before_ApplicationSubmission_Checks(LLModule.java:364)
	at applicationPages.LLModule.Initiate_Process(LLModule.java:204)
	at testScripts.NewLL.NewLL_Public(NewLL.java:97)
	at sun.reflect.NativeMethodAccessorImpl.invoke0(Native Method)
	at sun.reflect.NativeMethodAccessorImpl.invoke(NativeMethodAccessorImpl.java:62)
	at sun.reflect.DelegatingMethodAccessorImpl.invoke(DelegatingMethodAccessorImpl.java:43)
	at java.lang.reflect.Method.invoke(Method.java:498)
	at org.testng.internal.MethodInvocationHelper.invokeMethod(MethodInvocationHelper.java:85)
	at org.testng.internal.Invoker.invokeMethod(Invoker.java:639)
	at org.testng.internal.Invoker.invokeTestMethod(Invoker.java:816)
	at org.testng.internal.Invoker.invokeTestMethods(Invoker.java:1124)
	at org.testng.internal.TestMethodWorker.invokeTestMethods(TestMethodWorker.java:125)
	at org.testng.internal.TestMethodWorker.run(TestMethodWorker.java:108)
	at org.testng.TestRunner.privateRun(TestRunner.java:774)
	at org.testng.TestRunner.run(TestRunner.java:624)
	at org.testng.SuiteRunner.runTest(SuiteRunner.java:359)
	at org.testng.SuiteRunner.runSequentially(SuiteRunner.java:354)
	at org.testng.SuiteRunner.privateRun(SuiteRunner.java:312)
	at org.testng.SuiteRunner.run(SuiteRunner.java:261)
	at org.testng.SuiteRunnerWorker.runSuite(SuiteRunnerWorker.java:52)
	at org.testng.SuiteRunnerWorker.run(SuiteRunnerWorker.java:86)
	at org.testng.TestNG.runSuitesSequentially(TestNG.java:1191)
	at org.testng.TestNG.runSuitesLocally(TestNG.java:1116)
	at org.testng.TestNG.run(TestNG.java:1024)
	at org.testng.remote.AbstractRemoteTestNG.run(AbstractRemoteTestNG.java:114)
	at org.testng.remote.RemoteTestNG.initAndRun(RemoteTestNG.java:251)
	at org.testng.remote.RemoteTestNG.main(RemoteTestNG.java:77)
]]>
            </full-stacktrace>
          </exception> <!-- java.lang.AssertionError -->
          <reporter-output>
          </reporter-output>
        </test-method> <!-- NewLL_Public -->
        <test-method status="PASS" signature="aftermethod(org.testng.ITestResult, org.testng.ITestContext)[pri:0, instance:testScripts.NewLL@64bfbc86]" name="aftermethod" is-config="true" duration-ms="1010" started-at="2021-02-07T13:41:13Z" finished-at="2021-02-07T13:41:14Z">
          <params>
            <param index="0">
              <value>
                <![CDATA[[TestResult name=NewLL_Public status=FAILURE method=NewLL.NewLL_Public()[pri:0, instance:testScripts.NewLL@64bfbc86] output={null}]]]>
              </value>
            </param>
            <param index="1">
              <value>
                <![CDATA[org.testng.TestRunner@73818435]]>
              </value>
            </param>
          </params>
          <reporter-output>
          </reporter-output>
        </test-method> <!-- aftermethod -->
        <test-method status="PASS" signature="CloseBrowser()[pri:0, instance:testScripts.NewLL@64bfbc86]" name="CloseBrowser" is-config="true" duration-ms="0" started-at="2021-02-07T13:41:13Z" finished-at="2021-02-07T13:41:13Z">
          <reporter-output>
          </reporter-output>
        </test-method> <!-- CloseBrowser -->
        <test-method status="PASS" signature="aftersuite()[pri:0, instance:testScripts.NewLL@64bfbc86]" name="aftersuite" is-config="true" duration-ms="5666" started-at="2021-02-07T13:41:14Z" finished-at="2021-02-07T13:41:20Z">
          <reporter-output>
          </reporter-output>
        </test-method> <!-- aftersuite -->
      </class> <!-- testScripts.NewLL -->
    </test> <!-- Test -->
  </suite> <!-- Suite -->
</testng-results>
